2019-04-22 23:11:23,504 INFO org.springframework.boot.StartupInfoLogger [Test worker] Starting SampleWebUiApplicationTests on YIM-LAPTOP with PID 7468 (started by gtrus in C:\Users\gtrus\git\kakaopay\spring-boot-sample-web-ui)
2019-04-22 23:11:23,510 INFO org.springframework.boot.SpringApplication [Test worker] The following profiles are active: test
2019-04-22 23:11:23,528 INFO org.springframework.context.support.AbstractApplicationContext [Test worker] Refreshing org.springframework.boot.web.servlet.context.AnnotationConfigServletWebServerApplicationContext@9b1a706: startup date [Mon Apr 22 23:11:23 KST 2019]; root of context hierarchy
2019-04-22 23:11:24,444 INFO org.springframework.boot.web.embedded.tomcat.TomcatWebServer [Test worker] Tomcat initialized with port(s): 0 (http)
2019-04-22 23:11:24,481 INFO org.apache.juli.logging.DirectJDKLog [Test worker] Initializing ProtocolHandler ["http-nio-auto-1"]
2019-04-22 23:11:24,517 INFO org.apache.juli.logging.DirectJDKLog [Test worker] Starting service [Tomcat]
2019-04-22 23:11:24,518 INFO org.apache.juli.logging.DirectJDKLog [Test worker] Starting Servlet Engine: Apache Tomcat/8.5.31
2019-04-22 23:11:24,537 INFO org.apache.juli.logging.DirectJDKLog [localhost-startStop-1] The APR based Apache Tomcat Native library which allows optimal performance in production environments was not found on the java.library.path: [C:\Program Files\Java\jdk1.8.0_211\bin;C:\WINDOWS\Sun\Java\bin;C:\WINDOWS\system32;C:\WINDOWS;C:/Program Files/Java/jre1.8.0_211/bin/server;C:/Program Files/Java/jre1.8.0_211/bin;C:/Program Files/Java/jre1.8.0_211/lib/amd64;C:\Program Files (x86)\Razer\ChromaBroadcast\bin;C:\Program Files\Razer\ChromaBroadcast\bin;C:\Program Files (x86)\Common Files\Oracle\Java\javapath;C:\Program Files (x86)\Intel\iCLS Client\;C:\Program Files\Intel\iCLS Client\;C:\WINDOWS\system32;C:\WINDOWS;C:\WINDOWS\System32\Wbem;C:\WINDOWS\System32\WindowsPowerShell\v1.0\;C:\Program Files (x86)\Intel\Intel(R) Management Engine Components\DAL;C:\Program Files\Intel\Intel(R) Management Engine Components\DAL;C:\Program Files (x86)\Intel\Intel(R) Management Engine Components\IPT;C:\Program Files\Intel\Intel(R) Management Engine Components\IPT;C:\Program Files\Intel\WiFi\bin\;C:\Program Files\Common Files\Intel\WirelessCommon\;C:\WINDOWS\System32\OpenSSH\;C:\Program Files\Python37\;C:\Spark\spark-2.3.0-bin-hadoop2.7\bin;C:\Program Files\scala\bin;C:\zeppelin\zeppelin-0.8.0\bin;C:\Program Files\PuTTY\;C:\WINDOWS\system32\config\systemprofile\AppData\Local\Microsoft\WindowsApps;C:\gradle\bin;C:\Program Files\Git\cmd;C:\Users\gtrus\AppData\Local\Microsoft\WindowsApps;;C:\Program Files\Docker Toolbox;C:\Users\gtrus\eclipse\java-oxygen\eclipse;;.]
2019-04-22 23:11:24,791 INFO org.apache.juli.logging.DirectJDKLog [localhost-startStop-1] Initializing Spring embedded WebApplicationContext
2019-04-22 23:11:24,792 INFO org.springframework.boot.web.servlet.context.ServletWebServerApplicationContext [localhost-startStop-1] Root WebApplicationContext: initialization completed in 1265 ms
2019-04-22 23:11:25,002 INFO org.springframework.boot.web.servlet.AbstractFilterRegistrationBean [localhost-startStop-1] Mapping filter: 'characterEncodingFilter' to: [/*]
2019-04-22 23:11:25,003 INFO org.springframework.boot.web.servlet.AbstractFilterRegistrationBean [localhost-startStop-1] Mapping filter: 'hiddenHttpMethodFilter' to: [/*]
2019-04-22 23:11:25,003 INFO org.springframework.boot.web.servlet.AbstractFilterRegistrationBean [localhost-startStop-1] Mapping filter: 'httpPutFormContentFilter' to: [/*]
2019-04-22 23:11:25,004 INFO org.springframework.boot.web.servlet.AbstractFilterRegistrationBean [localhost-startStop-1] Mapping filter: 'requestContextFilter' to: [/*]
2019-04-22 23:11:25,004 INFO org.springframework.boot.web.servlet.AbstractFilterRegistrationBean [localhost-startStop-1] Mapping filter: 'springSecurityFilterChain' to: [/*]
2019-04-22 23:11:25,005 INFO org.springframework.boot.web.servlet.AbstractFilterRegistrationBean [localhost-startStop-1] Mapping filter: 'httpTraceFilter' to: [/*]
2019-04-22 23:11:25,005 INFO org.springframework.boot.web.servlet.AbstractFilterRegistrationBean [localhost-startStop-1] Mapping filter: 'webMvcMetricsFilter' to: [/*]
2019-04-22 23:11:25,006 INFO org.springframework.boot.web.servlet.ServletRegistrationBean [localhost-startStop-1] Servlet dispatcherServlet mapped to [/]
2019-04-22 23:11:25,112 INFO org.springframework.web.servlet.handler.AbstractUrlHandlerMapping [Test worker] Mapped URL path [/**/favicon.ico] onto handler of type [class org.springframework.web.servlet.resource.ResourceHttpRequestHandler]
2019-04-22 23:11:25,164 INFO org.springframework.web.servlet.mvc.method.annotation.RequestMappingHandlerAdapter [Test worker] Looking for @ControllerAdvice: org.springframework.boot.web.servlet.context.AnnotationConfigServletWebServerApplicationContext@9b1a706: startup date [Mon Apr 22 23:11:23 KST 2019]; root of context hierarchy
2019-04-22 23:11:25,175 INFO org.springframework.web.servlet.handler.AbstractHandlerMethodMapping$MappingRegistry [Test worker] Mapped "{[/delete/{id}],methods=[GET]}" onto public org.springframework.web.servlet.ModelAndView sample.web.ui.mvc.MessageController.delete(java.lang.Long)
2019-04-22 23:11:25,176 INFO org.springframework.web.servlet.handler.AbstractHandlerMethodMapping$MappingRegistry [Test worker] Mapped "{[/],methods=[POST]}" onto public org.springframework.web.servlet.ModelAndView sample.web.ui.mvc.MessageController.create(sample.web.ui.Message,org.springframework.validation.BindingResult,org.springframework.web.servlet.mvc.support.RedirectAttributes)
2019-04-22 23:11:25,176 INFO org.springframework.web.servlet.handler.AbstractHandlerMethodMapping$MappingRegistry [Test worker] Mapped "{[/],methods=[GET]}" onto public org.springframework.web.servlet.ModelAndView sample.web.ui.mvc.MessageController.list()
2019-04-22 23:11:25,177 INFO org.springframework.web.servlet.handler.AbstractHandlerMethodMapping$MappingRegistry [Test worker] Mapped "{[/{id}],methods=[GET]}" onto public org.springframework.web.servlet.ModelAndView sample.web.ui.mvc.MessageController.view(sample.web.ui.Message)
2019-04-22 23:11:25,177 INFO org.springframework.web.servlet.handler.AbstractHandlerMethodMapping$MappingRegistry [Test worker] Mapped "{[/],methods=[GET],params=[form]}" onto public java.lang.String sample.web.ui.mvc.MessageController.createForm(sample.web.ui.Message)
2019-04-22 23:11:25,178 INFO org.springframework.web.servlet.handler.AbstractHandlerMethodMapping$MappingRegistry [Test worker] Mapped "{[/modify/{id}],methods=[GET]}" onto public org.springframework.web.servlet.ModelAndView sample.web.ui.mvc.MessageController.modifyForm(sample.web.ui.Message)
2019-04-22 23:11:25,179 INFO org.springframework.web.servlet.handler.AbstractHandlerMethodMapping$MappingRegistry [Test worker] Mapped "{[/foo]}" onto public java.lang.String sample.web.ui.mvc.MessageController.foo()
2019-04-22 23:11:25,180 INFO org.springframework.web.servlet.handler.AbstractHandlerMethodMapping$MappingRegistry [Test worker] Mapped "{[/monitor/],methods=[GET]}" onto public java.lang.String sample.web.ui.mvc.MonitorController.home(java.util.Map<java.lang.String, java.lang.Object>)
2019-04-22 23:11:25,183 INFO org.springframework.web.servlet.handler.AbstractHandlerMethodMapping$MappingRegistry [Test worker] Mapped "{[/error]}" onto public org.springframework.http.ResponseEntity<java.util.Map<java.lang.String, java.lang.Object>> org.springframework.boot.autoconfigure.web.servlet.error.BasicErrorController.error(javax.servlet.http.HttpServletRequest)
2019-04-22 23:11:25,183 INFO org.springframework.web.servlet.handler.AbstractHandlerMethodMapping$MappingRegistry [Test worker] Mapped "{[/error],produces=[text/html]}" onto public org.springframework.web.servlet.ModelAndView org.springframework.boot.autoconfigure.web.servlet.error.BasicErrorController.errorHtml(javax.servlet.http.HttpServletRequest,javax.servlet.http.HttpServletResponse)
2019-04-22 23:11:25,194 INFO org.springframework.web.servlet.handler.AbstractUrlHandlerMapping [Test worker] Mapped URL path [/webjars/**] onto handler of type [class org.springframework.web.servlet.resource.ResourceHttpRequestHandler]
2019-04-22 23:11:25,194 INFO org.springframework.web.servlet.handler.AbstractUrlHandlerMapping [Test worker] Mapped URL path [/**] onto handler of type [class org.springframework.web.servlet.resource.ResourceHttpRequestHandler]
2019-04-22 23:11:25,359 INFO org.springframework.security.web.DefaultSecurityFilterChain [Test worker] Creating filter chain: org.springframework.security.web.util.matcher.AnyRequestMatcher@1, [org.springframework.security.web.context.request.async.WebAsyncManagerIntegrationFilter@18e9f5f3, org.springframework.security.web.context.SecurityContextPersistenceFilter@210c124f, org.springframework.security.web.header.HeaderWriterFilter@6737bc6a, org.springframework.security.web.csrf.CsrfFilter@5a4b7d0a, org.springframework.security.web.authentication.logout.LogoutFilter@2481fde9, org.springframework.security.web.authentication.UsernamePasswordAuthenticationFilter@bd75307, org.springframework.security.web.authentication.ui.DefaultLoginPageGeneratingFilter@655e1567, org.springframework.security.web.authentication.www.BasicAuthenticationFilter@5d232d9d, org.springframework.security.web.savedrequest.RequestCacheAwareFilter@6be9bb2d, org.springframework.security.web.servletapi.SecurityContextHolderAwareRequestFilter@31e79ed6, org.springframework.security.web.authentication.AnonymousAuthenticationFilter@58a3f0f5, org.springframework.security.web.session.SessionManagementFilter@202e886d, org.springframework.security.web.access.ExceptionTranslationFilter@6798ac1, org.springframework.security.web.access.intercept.FilterSecurityInterceptor@312e3497]
2019-04-22 23:11:25,365 INFO org.springframework.boot.actuate.endpoint.web.EndpointLinksResolver [Test worker] Exposing 2 endpoint(s) beneath base path '/monitor'
2019-04-22 23:11:25,369 INFO org.springframework.web.servlet.handler.AbstractHandlerMethodMapping$MappingRegistry [Test worker] Mapped "{[/monitor/healthcheck],methods=[GET],produces=[application/vnd.spring-boot.actuator.v2+json || application/json]}" onto public java.lang.Object org.springframework.boot.actuate.endpoint.web.servlet.AbstractWebMvcEndpointHandlerMapping$OperationHandler.handle(javax.servlet.http.HttpServletRequest,java.util.Map<java.lang.String, java.lang.String>)
2019-04-22 23:11:25,370 INFO org.springframework.web.servlet.handler.AbstractHandlerMethodMapping$MappingRegistry [Test worker] Mapped "{[/monitor/metrics/{requiredMetricName}],methods=[GET],produces=[application/vnd.spring-boot.actuator.v2+json || application/json]}" onto public java.lang.Object org.springframework.boot.actuate.endpoint.web.servlet.AbstractWebMvcEndpointHandlerMapping$OperationHandler.handle(javax.servlet.http.HttpServletRequest,java.util.Map<java.lang.String, java.lang.String>)
2019-04-22 23:11:25,370 INFO org.springframework.web.servlet.handler.AbstractHandlerMethodMapping$MappingRegistry [Test worker] Mapped "{[/monitor/metrics],methods=[GET],produces=[application/vnd.spring-boot.actuator.v2+json || application/json]}" onto public java.lang.Object org.springframework.boot.actuate.endpoint.web.servlet.AbstractWebMvcEndpointHandlerMapping$OperationHandler.handle(javax.servlet.http.HttpServletRequest,java.util.Map<java.lang.String, java.lang.String>)
2019-04-22 23:11:25,371 INFO org.springframework.web.servlet.handler.AbstractHandlerMethodMapping$MappingRegistry [Test worker] Mapped "{[/monitor],methods=[GET],produces=[application/vnd.spring-boot.actuator.v2+json || application/json]}" onto protected java.util.Map<java.lang.String, java.util.Map<java.lang.String, org.springframework.boot.actuate.endpoint.web.Link>> org.springframework.boot.actuate.endpoint.web.servlet.WebMvcEndpointHandlerMapping.links(javax.servlet.http.HttpServletRequest,javax.servlet.http.HttpServletResponse)
2019-04-22 23:11:25,447 INFO org.apache.juli.logging.DirectJDKLog [Test worker] Starting ProtocolHandler ["http-nio-auto-1"]
2019-04-22 23:11:25,449 INFO org.apache.juli.logging.DirectJDKLog [Test worker] Using a shared selector for servlet write/read
2019-04-22 23:11:25,478 INFO org.springframework.boot.web.embedded.tomcat.TomcatWebServer [Test worker] Tomcat started on port(s): 58832 (http) with context path ''
2019-04-22 23:11:25,481 INFO org.springframework.boot.StartupInfoLogger [Test worker] Started SampleWebUiApplicationTests in 2.433 seconds (JVM running for 12.306)
2019-04-22 23:11:25,633 INFO org.apache.juli.logging.DirectJDKLog [http-nio-auto-1-exec-1] Initializing Spring FrameworkServlet 'dispatcherServlet'
2019-04-22 23:11:25,634 INFO org.springframework.web.servlet.FrameworkServlet [http-nio-auto-1-exec-1] FrameworkServlet 'dispatcherServlet': initialization started
2019-04-22 23:11:25,640 INFO org.springframework.web.servlet.FrameworkServlet [http-nio-auto-1-exec-1] FrameworkServlet 'dispatcherServlet': initialization completed in 6 ms
2019-04-22 23:11:25,904 INFO org.springframework.context.support.AbstractApplicationContext [Thread-12] Closing org.springframework.boot.web.servlet.context.AnnotationConfigServletWebServerApplicationContext@9b1a706: startup date [Mon Apr 22 23:11:23 KST 2019]; root of context hierarchy
2019-04-22 23:11:25,904 INFO org.springframework.context.support.AbstractApplicationContext [Thread-7] Closing org.springframework.web.context.support.GenericWebApplicationContext@6904767d: startup date [Mon Apr 22 23:11:15 KST 2019]; root of context hierarchy
2019-04-22 23:11:25,913 INFO org.springframework.jmx.export.MBeanExporter [Thread-7] Unregistering JMX-exposed beans on shutdown
2019-04-22 23:15:53,731 INFO org.springframework.boot.StartupInfoLogger [Test worker] Starting SampleWebUiApplicationTests on YIM-LAPTOP with PID 4692 (started by gtrus in C:\Users\gtrus\git\kakaopay\spring-boot-sample-web-ui)
2019-04-22 23:15:53,734 INFO org.springframework.boot.SpringApplication [Test worker] The following profiles are active: test
2019-04-22 23:15:53,755 INFO org.springframework.context.support.AbstractApplicationContext [Test worker] Refreshing org.springframework.boot.web.servlet.context.AnnotationConfigServletWebServerApplicationContext@15baf388: startup date [Mon Apr 22 23:15:53 KST 2019]; root of context hierarchy
2019-04-22 23:15:54,525 INFO org.springframework.boot.web.embedded.tomcat.TomcatWebServer [Test worker] Tomcat initialized with port(s): 0 (http)
2019-04-22 23:15:54,562 INFO org.apache.juli.logging.DirectJDKLog [Test worker] Initializing ProtocolHandler ["http-nio-auto-1"]
2019-04-22 23:15:54,597 INFO org.apache.juli.logging.DirectJDKLog [Test worker] Starting service [Tomcat]
2019-04-22 23:15:54,598 INFO org.apache.juli.logging.DirectJDKLog [Test worker] Starting Servlet Engine: Apache Tomcat/8.5.31
2019-04-22 23:15:54,617 INFO org.apache.juli.logging.DirectJDKLog [localhost-startStop-1] The APR based Apache Tomcat Native library which allows optimal performance in production environments was not found on the java.library.path: [C:\Program Files\Java\jdk1.8.0_211\bin;C:\WINDOWS\Sun\Java\bin;C:\WINDOWS\system32;C:\WINDOWS;C:/Program Files/Java/jre1.8.0_211/bin/server;C:/Program Files/Java/jre1.8.0_211/bin;C:/Program Files/Java/jre1.8.0_211/lib/amd64;C:\Program Files (x86)\Razer\ChromaBroadcast\bin;C:\Program Files\Razer\ChromaBroadcast\bin;C:\Program Files (x86)\Common Files\Oracle\Java\javapath;C:\Program Files (x86)\Intel\iCLS Client\;C:\Program Files\Intel\iCLS Client\;C:\WINDOWS\system32;C:\WINDOWS;C:\WINDOWS\System32\Wbem;C:\WINDOWS\System32\WindowsPowerShell\v1.0\;C:\Program Files (x86)\Intel\Intel(R) Management Engine Components\DAL;C:\Program Files\Intel\Intel(R) Management Engine Components\DAL;C:\Program Files (x86)\Intel\Intel(R) Management Engine Components\IPT;C:\Program Files\Intel\Intel(R) Management Engine Components\IPT;C:\Program Files\Intel\WiFi\bin\;C:\Program Files\Common Files\Intel\WirelessCommon\;C:\WINDOWS\System32\OpenSSH\;C:\Program Files\Python37\;C:\Spark\spark-2.3.0-bin-hadoop2.7\bin;C:\Program Files\scala\bin;C:\zeppelin\zeppelin-0.8.0\bin;C:\Program Files\PuTTY\;C:\WINDOWS\system32\config\systemprofile\AppData\Local\Microsoft\WindowsApps;C:\gradle\bin;C:\Program Files\Git\cmd;C:\Users\gtrus\AppData\Local\Microsoft\WindowsApps;;C:\Program Files\Docker Toolbox;C:\Users\gtrus\eclipse\java-oxygen\eclipse;;.]
2019-04-22 23:15:54,896 INFO org.apache.juli.logging.DirectJDKLog [localhost-startStop-1] Initializing Spring embedded WebApplicationContext
2019-04-22 23:15:54,897 INFO org.springframework.boot.web.servlet.context.ServletWebServerApplicationContext [localhost-startStop-1] Root WebApplicationContext: initialization completed in 1141 ms
2019-04-22 23:15:55,134 INFO org.springframework.boot.web.servlet.AbstractFilterRegistrationBean [localhost-startStop-1] Mapping filter: 'characterEncodingFilter' to: [/*]
2019-04-22 23:15:55,134 INFO org.springframework.boot.web.servlet.AbstractFilterRegistrationBean [localhost-startStop-1] Mapping filter: 'hiddenHttpMethodFilter' to: [/*]
2019-04-22 23:15:55,135 INFO org.springframework.boot.web.servlet.AbstractFilterRegistrationBean [localhost-startStop-1] Mapping filter: 'httpPutFormContentFilter' to: [/*]
2019-04-22 23:15:55,135 INFO org.springframework.boot.web.servlet.AbstractFilterRegistrationBean [localhost-startStop-1] Mapping filter: 'requestContextFilter' to: [/*]
2019-04-22 23:15:55,136 INFO org.springframework.boot.web.servlet.AbstractFilterRegistrationBean [localhost-startStop-1] Mapping filter: 'springSecurityFilterChain' to: [/*]
2019-04-22 23:15:55,136 INFO org.springframework.boot.web.servlet.AbstractFilterRegistrationBean [localhost-startStop-1] Mapping filter: 'httpTraceFilter' to: [/*]
2019-04-22 23:15:55,137 INFO org.springframework.boot.web.servlet.AbstractFilterRegistrationBean [localhost-startStop-1] Mapping filter: 'webMvcMetricsFilter' to: [/*]
2019-04-22 23:15:55,137 INFO org.springframework.boot.web.servlet.ServletRegistrationBean [localhost-startStop-1] Servlet dispatcherServlet mapped to [/]
2019-04-22 23:15:55,229 INFO org.springframework.web.servlet.handler.AbstractUrlHandlerMapping [Test worker] Mapped URL path [/**/favicon.ico] onto handler of type [class org.springframework.web.servlet.resource.ResourceHttpRequestHandler]
2019-04-22 23:15:55,276 INFO org.springframework.web.servlet.mvc.method.annotation.RequestMappingHandlerAdapter [Test worker] Looking for @ControllerAdvice: org.springframework.boot.web.servlet.context.AnnotationConfigServletWebServerApplicationContext@15baf388: startup date [Mon Apr 22 23:15:53 KST 2019]; root of context hierarchy
2019-04-22 23:15:55,291 INFO org.springframework.web.servlet.handler.AbstractHandlerMethodMapping$MappingRegistry [Test worker] Mapped "{[/delete/{id}],methods=[GET]}" onto public org.springframework.web.servlet.ModelAndView sample.web.ui.mvc.MessageController.delete(java.lang.Long)
2019-04-22 23:15:55,292 INFO org.springframework.web.servlet.handler.AbstractHandlerMethodMapping$MappingRegistry [Test worker] Mapped "{[/],methods=[POST]}" onto public org.springframework.web.servlet.ModelAndView sample.web.ui.mvc.MessageController.create(sample.web.ui.Message,org.springframework.validation.BindingResult,org.springframework.web.servlet.mvc.support.RedirectAttributes)
2019-04-22 23:15:55,292 INFO org.springframework.web.servlet.handler.AbstractHandlerMethodMapping$MappingRegistry [Test worker] Mapped "{[/],methods=[GET]}" onto public org.springframework.web.servlet.ModelAndView sample.web.ui.mvc.MessageController.list()
2019-04-22 23:15:55,292 INFO org.springframework.web.servlet.handler.AbstractHandlerMethodMapping$MappingRegistry [Test worker] Mapped "{[/{id}],methods=[GET]}" onto public org.springframework.web.servlet.ModelAndView sample.web.ui.mvc.MessageController.view(sample.web.ui.Message)
2019-04-22 23:15:55,293 INFO org.springframework.web.servlet.handler.AbstractHandlerMethodMapping$MappingRegistry [Test worker] Mapped "{[/],methods=[GET],params=[form]}" onto public java.lang.String sample.web.ui.mvc.MessageController.createForm(sample.web.ui.Message)
2019-04-22 23:15:55,294 INFO org.springframework.web.servlet.handler.AbstractHandlerMethodMapping$MappingRegistry [Test worker] Mapped "{[/foo]}" onto public java.lang.String sample.web.ui.mvc.MessageController.foo()
2019-04-22 23:15:55,294 INFO org.springframework.web.servlet.handler.AbstractHandlerMethodMapping$MappingRegistry [Test worker] Mapped "{[/modify/{id}],methods=[GET]}" onto public org.springframework.web.servlet.ModelAndView sample.web.ui.mvc.MessageController.modifyForm(sample.web.ui.Message)
2019-04-22 23:15:55,295 INFO org.springframework.web.servlet.handler.AbstractHandlerMethodMapping$MappingRegistry [Test worker] Mapped "{[/monitor/],methods=[GET]}" onto public java.lang.String sample.web.ui.mvc.MonitorController.home(java.util.Map<java.lang.String, java.lang.Object>)
2019-04-22 23:15:55,297 INFO org.springframework.web.servlet.handler.AbstractHandlerMethodMapping$MappingRegistry [Test worker] Mapped "{[/error]}" onto public org.springframework.http.ResponseEntity<java.util.Map<java.lang.String, java.lang.Object>> org.springframework.boot.autoconfigure.web.servlet.error.BasicErrorController.error(javax.servlet.http.HttpServletRequest)
2019-04-22 23:15:55,297 INFO org.springframework.web.servlet.handler.AbstractHandlerMethodMapping$MappingRegistry [Test worker] Mapped "{[/error],produces=[text/html]}" onto public org.springframework.web.servlet.ModelAndView org.springframework.boot.autoconfigure.web.servlet.error.BasicErrorController.errorHtml(javax.servlet.http.HttpServletRequest,javax.servlet.http.HttpServletResponse)
2019-04-22 23:15:55,305 INFO org.springframework.web.servlet.handler.AbstractUrlHandlerMapping [Test worker] Mapped URL path [/webjars/**] onto handler of type [class org.springframework.web.servlet.resource.ResourceHttpRequestHandler]
2019-04-22 23:15:55,305 INFO org.springframework.web.servlet.handler.AbstractUrlHandlerMapping [Test worker] Mapped URL path [/**] onto handler of type [class org.springframework.web.servlet.resource.ResourceHttpRequestHandler]
2019-04-22 23:15:55,453 INFO org.springframework.security.web.DefaultSecurityFilterChain [Test worker] Creating filter chain: org.springframework.security.web.util.matcher.AnyRequestMatcher@1, [org.springframework.security.web.context.request.async.WebAsyncManagerIntegrationFilter@3dcb9055, org.springframework.security.web.context.SecurityContextPersistenceFilter@4b636fd, org.springframework.security.web.header.HeaderWriterFilter@69567395, org.springframework.security.web.csrf.CsrfFilter@d65c75c, org.springframework.security.web.authentication.logout.LogoutFilter@c7f83e1, org.springframework.security.web.authentication.UsernamePasswordAuthenticationFilter@620a7882, org.springframework.security.web.authentication.ui.DefaultLoginPageGeneratingFilter@394b5beb, org.springframework.security.web.authentication.www.BasicAuthenticationFilter@7a774001, org.springframework.security.web.savedrequest.RequestCacheAwareFilter@16377aba, org.springframework.security.web.servletapi.SecurityContextHolderAwareRequestFilter@4c277932, org.springframework.security.web.authentication.AnonymousAuthenticationFilter@dfec342, org.springframework.security.web.session.SessionManagementFilter@274a4a6f, org.springframework.security.web.access.ExceptionTranslationFilter@4b6b3f1e, org.springframework.security.web.access.intercept.FilterSecurityInterceptor@454eb96f]
2019-04-22 23:15:55,459 INFO org.springframework.boot.actuate.endpoint.web.EndpointLinksResolver [Test worker] Exposing 2 endpoint(s) beneath base path '/monitor'
2019-04-22 23:15:55,461 INFO org.springframework.web.servlet.handler.AbstractHandlerMethodMapping$MappingRegistry [Test worker] Mapped "{[/monitor/healthcheck],methods=[GET],produces=[application/vnd.spring-boot.actuator.v2+json || application/json]}" onto public java.lang.Object org.springframework.boot.actuate.endpoint.web.servlet.AbstractWebMvcEndpointHandlerMapping$OperationHandler.handle(javax.servlet.http.HttpServletRequest,java.util.Map<java.lang.String, java.lang.String>)
2019-04-22 23:15:55,462 INFO org.springframework.web.servlet.handler.AbstractHandlerMethodMapping$MappingRegistry [Test worker] Mapped "{[/monitor/metrics],methods=[GET],produces=[application/vnd.spring-boot.actuator.v2+json || application/json]}" onto public java.lang.Object org.springframework.boot.actuate.endpoint.web.servlet.AbstractWebMvcEndpointHandlerMapping$OperationHandler.handle(javax.servlet.http.HttpServletRequest,java.util.Map<java.lang.String, java.lang.String>)
2019-04-22 23:15:55,462 INFO org.springframework.web.servlet.handler.AbstractHandlerMethodMapping$MappingRegistry [Test worker] Mapped "{[/monitor/metrics/{requiredMetricName}],methods=[GET],produces=[application/vnd.spring-boot.actuator.v2+json || application/json]}" onto public java.lang.Object org.springframework.boot.actuate.endpoint.web.servlet.AbstractWebMvcEndpointHandlerMapping$OperationHandler.handle(javax.servlet.http.HttpServletRequest,java.util.Map<java.lang.String, java.lang.String>)
2019-04-22 23:15:55,463 INFO org.springframework.web.servlet.handler.AbstractHandlerMethodMapping$MappingRegistry [Test worker] Mapped "{[/monitor],methods=[GET],produces=[application/vnd.spring-boot.actuator.v2+json || application/json]}" onto protected java.util.Map<java.lang.String, java.util.Map<java.lang.String, org.springframework.boot.actuate.endpoint.web.Link>> org.springframework.boot.actuate.endpoint.web.servlet.WebMvcEndpointHandlerMapping.links(javax.servlet.http.HttpServletRequest,javax.servlet.http.HttpServletResponse)
2019-04-22 23:15:55,527 INFO org.apache.juli.logging.DirectJDKLog [Test worker] Starting ProtocolHandler ["http-nio-auto-1"]
2019-04-22 23:15:55,529 INFO org.apache.juli.logging.DirectJDKLog [Test worker] Using a shared selector for servlet write/read
2019-04-22 23:15:55,557 INFO org.springframework.boot.web.embedded.tomcat.TomcatWebServer [Test worker] Tomcat started on port(s): 58926 (http) with context path ''
2019-04-22 23:15:55,562 INFO org.springframework.boot.StartupInfoLogger [Test worker] Started SampleWebUiApplicationTests in 2.284 seconds (JVM running for 12.16)
2019-04-22 23:15:55,709 INFO org.apache.juli.logging.DirectJDKLog [http-nio-auto-1-exec-1] Initializing Spring FrameworkServlet 'dispatcherServlet'
2019-04-22 23:15:55,710 INFO org.springframework.web.servlet.FrameworkServlet [http-nio-auto-1-exec-1] FrameworkServlet 'dispatcherServlet': initialization started
2019-04-22 23:15:55,713 INFO org.springframework.web.servlet.FrameworkServlet [http-nio-auto-1-exec-1] FrameworkServlet 'dispatcherServlet': initialization completed in 3 ms
2019-04-22 23:15:55,978 INFO org.springframework.context.support.AbstractApplicationContext [Thread-7] Closing org.springframework.web.context.support.GenericWebApplicationContext@bbe22c2: startup date [Mon Apr 22 23:15:45 KST 2019]; root of context hierarchy
2019-04-22 23:15:55,981 INFO org.springframework.context.support.AbstractApplicationContext [Thread-12] Closing org.springframework.boot.web.servlet.context.AnnotationConfigServletWebServerApplicationContext@15baf388: startup date [Mon Apr 22 23:15:53 KST 2019]; root of context hierarchy
2019-04-22 23:15:55,986 INFO org.springframework.jmx.export.MBeanExporter [Thread-7] Unregistering JMX-exposed beans on shutdown
2019-04-22 23:17:44,085 INFO org.springframework.boot.StartupInfoLogger [Test worker] Starting SampleWebUiApplicationTests on YIM-LAPTOP with PID 1228 (started by gtrus in C:\Users\gtrus\git\kakaopay\spring-boot-sample-web-ui)
2019-04-22 23:17:44,089 INFO org.springframework.boot.SpringApplication [Test worker] The following profiles are active: test
2019-04-22 23:17:44,109 INFO org.springframework.context.support.AbstractApplicationContext [Test worker] Refreshing org.springframework.boot.web.servlet.context.AnnotationConfigServletWebServerApplicationContext@46771db1: startup date [Mon Apr 22 23:17:44 KST 2019]; root of context hierarchy
2019-04-22 23:17:44,917 INFO org.springframework.boot.web.embedded.tomcat.TomcatWebServer [Test worker] Tomcat initialized with port(s): 0 (http)
2019-04-22 23:17:44,953 INFO org.apache.juli.logging.DirectJDKLog [Test worker] Initializing ProtocolHandler ["http-nio-auto-1"]
2019-04-22 23:17:44,983 INFO org.apache.juli.logging.DirectJDKLog [Test worker] Starting service [Tomcat]
2019-04-22 23:17:44,983 INFO org.apache.juli.logging.DirectJDKLog [Test worker] Starting Servlet Engine: Apache Tomcat/8.5.31
2019-04-22 23:17:45,002 INFO org.apache.juli.logging.DirectJDKLog [localhost-startStop-1] The APR based Apache Tomcat Native library which allows optimal performance in production environments was not found on the java.library.path: [C:\Program Files\Java\jdk1.8.0_211\bin;C:\WINDOWS\Sun\Java\bin;C:\WINDOWS\system32;C:\WINDOWS;C:/Program Files/Java/jre1.8.0_211/bin/server;C:/Program Files/Java/jre1.8.0_211/bin;C:/Program Files/Java/jre1.8.0_211/lib/amd64;C:\Program Files (x86)\Razer\ChromaBroadcast\bin;C:\Program Files\Razer\ChromaBroadcast\bin;C:\Program Files (x86)\Common Files\Oracle\Java\javapath;C:\Program Files (x86)\Intel\iCLS Client\;C:\Program Files\Intel\iCLS Client\;C:\WINDOWS\system32;C:\WINDOWS;C:\WINDOWS\System32\Wbem;C:\WINDOWS\System32\WindowsPowerShell\v1.0\;C:\Program Files (x86)\Intel\Intel(R) Management Engine Components\DAL;C:\Program Files\Intel\Intel(R) Management Engine Components\DAL;C:\Program Files (x86)\Intel\Intel(R) Management Engine Components\IPT;C:\Program Files\Intel\Intel(R) Management Engine Components\IPT;C:\Program Files\Intel\WiFi\bin\;C:\Program Files\Common Files\Intel\WirelessCommon\;C:\WINDOWS\System32\OpenSSH\;C:\Program Files\Python37\;C:\Spark\spark-2.3.0-bin-hadoop2.7\bin;C:\Program Files\scala\bin;C:\zeppelin\zeppelin-0.8.0\bin;C:\Program Files\PuTTY\;C:\WINDOWS\system32\config\systemprofile\AppData\Local\Microsoft\WindowsApps;C:\gradle\bin;C:\Program Files\Git\cmd;C:\Users\gtrus\AppData\Local\Microsoft\WindowsApps;;C:\Program Files\Docker Toolbox;C:\Users\gtrus\eclipse\java-oxygen\eclipse;;.]
2019-04-22 23:17:45,230 INFO org.apache.juli.logging.DirectJDKLog [localhost-startStop-1] Initializing Spring embedded WebApplicationContext
2019-04-22 23:17:45,231 INFO org.springframework.boot.web.servlet.context.ServletWebServerApplicationContext [localhost-startStop-1] Root WebApplicationContext: initialization completed in 1122 ms
2019-04-22 23:17:45,432 INFO org.springframework.boot.web.servlet.AbstractFilterRegistrationBean [localhost-startStop-1] Mapping filter: 'characterEncodingFilter' to: [/*]
2019-04-22 23:17:45,433 INFO org.springframework.boot.web.servlet.AbstractFilterRegistrationBean [localhost-startStop-1] Mapping filter: 'hiddenHttpMethodFilter' to: [/*]
2019-04-22 23:17:45,433 INFO org.springframework.boot.web.servlet.AbstractFilterRegistrationBean [localhost-startStop-1] Mapping filter: 'httpPutFormContentFilter' to: [/*]
2019-04-22 23:17:45,433 INFO org.springframework.boot.web.servlet.AbstractFilterRegistrationBean [localhost-startStop-1] Mapping filter: 'requestContextFilter' to: [/*]
2019-04-22 23:17:45,434 INFO org.springframework.boot.web.servlet.AbstractFilterRegistrationBean [localhost-startStop-1] Mapping filter: 'springSecurityFilterChain' to: [/*]
2019-04-22 23:17:45,434 INFO org.springframework.boot.web.servlet.AbstractFilterRegistrationBean [localhost-startStop-1] Mapping filter: 'httpTraceFilter' to: [/*]
2019-04-22 23:17:45,435 INFO org.springframework.boot.web.servlet.AbstractFilterRegistrationBean [localhost-startStop-1] Mapping filter: 'webMvcMetricsFilter' to: [/*]
2019-04-22 23:17:45,436 INFO org.springframework.boot.web.servlet.ServletRegistrationBean [localhost-startStop-1] Servlet dispatcherServlet mapped to [/]
2019-04-22 23:17:45,533 INFO org.springframework.web.servlet.handler.AbstractUrlHandlerMapping [Test worker] Mapped URL path [/**/favicon.ico] onto handler of type [class org.springframework.web.servlet.resource.ResourceHttpRequestHandler]
2019-04-22 23:17:45,587 INFO org.springframework.web.servlet.mvc.method.annotation.RequestMappingHandlerAdapter [Test worker] Looking for @ControllerAdvice: org.springframework.boot.web.servlet.context.AnnotationConfigServletWebServerApplicationContext@46771db1: startup date [Mon Apr 22 23:17:44 KST 2019]; root of context hierarchy
2019-04-22 23:17:45,599 INFO org.springframework.web.servlet.handler.AbstractHandlerMethodMapping$MappingRegistry [Test worker] Mapped "{[/delete/{id}],methods=[GET]}" onto public org.springframework.web.servlet.ModelAndView sample.web.ui.mvc.MessageController.delete(java.lang.Long)
2019-04-22 23:17:45,600 INFO org.springframework.web.servlet.handler.AbstractHandlerMethodMapping$MappingRegistry [Test worker] Mapped "{[/],methods=[POST]}" onto public org.springframework.web.servlet.ModelAndView sample.web.ui.mvc.MessageController.create(sample.web.ui.Message,org.springframework.validation.BindingResult,org.springframework.web.servlet.mvc.support.RedirectAttributes)
2019-04-22 23:17:45,600 INFO org.springframework.web.servlet.handler.AbstractHandlerMethodMapping$MappingRegistry [Test worker] Mapped "{[/],methods=[GET]}" onto public org.springframework.web.servlet.ModelAndView sample.web.ui.mvc.MessageController.list()
2019-04-22 23:17:45,601 INFO org.springframework.web.servlet.handler.AbstractHandlerMethodMapping$MappingRegistry [Test worker] Mapped "{[/{id}],methods=[GET]}" onto public org.springframework.web.servlet.ModelAndView sample.web.ui.mvc.MessageController.view(sample.web.ui.Message)
2019-04-22 23:17:45,602 INFO org.springframework.web.servlet.handler.AbstractHandlerMethodMapping$MappingRegistry [Test worker] Mapped "{[/],methods=[GET],params=[form]}" onto public java.lang.String sample.web.ui.mvc.MessageController.createForm(sample.web.ui.Message)
2019-04-22 23:17:45,602 INFO org.springframework.web.servlet.handler.AbstractHandlerMethodMapping$MappingRegistry [Test worker] Mapped "{[/foo]}" onto public java.lang.String sample.web.ui.mvc.MessageController.foo()
2019-04-22 23:17:45,603 INFO org.springframework.web.servlet.handler.AbstractHandlerMethodMapping$MappingRegistry [Test worker] Mapped "{[/modify/{id}],methods=[GET]}" onto public org.springframework.web.servlet.ModelAndView sample.web.ui.mvc.MessageController.modifyForm(sample.web.ui.Message)
2019-04-22 23:17:45,603 INFO org.springframework.web.servlet.handler.AbstractHandlerMethodMapping$MappingRegistry [Test worker] Mapped "{[/monitor/],methods=[GET]}" onto public java.lang.String sample.web.ui.mvc.MonitorController.home(java.util.Map<java.lang.String, java.lang.Object>)
2019-04-22 23:17:45,605 INFO org.springframework.web.servlet.handler.AbstractHandlerMethodMapping$MappingRegistry [Test worker] Mapped "{[/error]}" onto public org.springframework.http.ResponseEntity<java.util.Map<java.lang.String, java.lang.Object>> org.springframework.boot.autoconfigure.web.servlet.error.BasicErrorController.error(javax.servlet.http.HttpServletRequest)
2019-04-22 23:17:45,606 INFO org.springframework.web.servlet.handler.AbstractHandlerMethodMapping$MappingRegistry [Test worker] Mapped "{[/error],produces=[text/html]}" onto public org.springframework.web.servlet.ModelAndView org.springframework.boot.autoconfigure.web.servlet.error.BasicErrorController.errorHtml(javax.servlet.http.HttpServletRequest,javax.servlet.http.HttpServletResponse)
2019-04-22 23:17:45,615 INFO org.springframework.web.servlet.handler.AbstractUrlHandlerMapping [Test worker] Mapped URL path [/webjars/**] onto handler of type [class org.springframework.web.servlet.resource.ResourceHttpRequestHandler]
2019-04-22 23:17:45,615 INFO org.springframework.web.servlet.handler.AbstractUrlHandlerMapping [Test worker] Mapped URL path [/**] onto handler of type [class org.springframework.web.servlet.resource.ResourceHttpRequestHandler]
2019-04-22 23:17:45,787 INFO org.springframework.security.web.DefaultSecurityFilterChain [Test worker] Creating filter chain: org.springframework.security.web.util.matcher.AnyRequestMatcher@1, [org.springframework.security.web.context.request.async.WebAsyncManagerIntegrationFilter@69567395, org.springframework.security.web.context.SecurityContextPersistenceFilter@27664829, org.springframework.security.web.header.HeaderWriterFilter@32658f37, org.springframework.security.web.csrf.CsrfFilter@45d8a16a, org.springframework.security.web.authentication.logout.LogoutFilter@7baf90bb, org.springframework.security.web.authentication.UsernamePasswordAuthenticationFilter@d65c75c, org.springframework.security.web.authentication.ui.DefaultLoginPageGeneratingFilter@6e9dba41, org.springframework.security.web.authentication.www.BasicAuthenticationFilter@4b6b3f1e, org.springframework.security.web.savedrequest.RequestCacheAwareFilter@7cd49b1b, org.springframework.security.web.servletapi.SecurityContextHolderAwareRequestFilter@6256af81, org.springframework.security.web.authentication.AnonymousAuthenticationFilter@274a4a6f, org.springframework.security.web.session.SessionManagementFilter@27357e54, org.springframework.security.web.access.ExceptionTranslationFilter@e9abe60, org.springframework.security.web.access.intercept.FilterSecurityInterceptor@70e7d6b6]
2019-04-22 23:17:45,793 INFO org.springframework.boot.actuate.endpoint.web.EndpointLinksResolver [Test worker] Exposing 2 endpoint(s) beneath base path '/monitor'
2019-04-22 23:17:45,796 INFO org.springframework.web.servlet.handler.AbstractHandlerMethodMapping$MappingRegistry [Test worker] Mapped "{[/monitor/healthcheck],methods=[GET],produces=[application/vnd.spring-boot.actuator.v2+json || application/json]}" onto public java.lang.Object org.springframework.boot.actuate.endpoint.web.servlet.AbstractWebMvcEndpointHandlerMapping$OperationHandler.handle(javax.servlet.http.HttpServletRequest,java.util.Map<java.lang.String, java.lang.String>)
2019-04-22 23:17:45,797 INFO org.springframework.web.servlet.handler.AbstractHandlerMethodMapping$MappingRegistry [Test worker] Mapped "{[/monitor/metrics],methods=[GET],produces=[application/vnd.spring-boot.actuator.v2+json || application/json]}" onto public java.lang.Object org.springframework.boot.actuate.endpoint.web.servlet.AbstractWebMvcEndpointHandlerMapping$OperationHandler.handle(javax.servlet.http.HttpServletRequest,java.util.Map<java.lang.String, java.lang.String>)
2019-04-22 23:17:45,797 INFO org.springframework.web.servlet.handler.AbstractHandlerMethodMapping$MappingRegistry [Test worker] Mapped "{[/monitor/metrics/{requiredMetricName}],methods=[GET],produces=[application/vnd.spring-boot.actuator.v2+json || application/json]}" onto public java.lang.Object org.springframework.boot.actuate.endpoint.web.servlet.AbstractWebMvcEndpointHandlerMapping$OperationHandler.handle(javax.servlet.http.HttpServletRequest,java.util.Map<java.lang.String, java.lang.String>)
2019-04-22 23:17:45,797 INFO org.springframework.web.servlet.handler.AbstractHandlerMethodMapping$MappingRegistry [Test worker] Mapped "{[/monitor],methods=[GET],produces=[application/vnd.spring-boot.actuator.v2+json || application/json]}" onto protected java.util.Map<java.lang.String, java.util.Map<java.lang.String, org.springframework.boot.actuate.endpoint.web.Link>> org.springframework.boot.actuate.endpoint.web.servlet.WebMvcEndpointHandlerMapping.links(javax.servlet.http.HttpServletRequest,javax.servlet.http.HttpServletResponse)
2019-04-22 23:17:45,870 INFO org.apache.juli.logging.DirectJDKLog [Test worker] Starting ProtocolHandler ["http-nio-auto-1"]
2019-04-22 23:17:45,872 INFO org.apache.juli.logging.DirectJDKLog [Test worker] Using a shared selector for servlet write/read
2019-04-22 23:17:45,900 INFO org.springframework.boot.web.embedded.tomcat.TomcatWebServer [Test worker] Tomcat started on port(s): 58950 (http) with context path ''
2019-04-22 23:17:45,903 INFO org.springframework.boot.StartupInfoLogger [Test worker] Started SampleWebUiApplicationTests in 2.278 seconds (JVM running for 11.733)
2019-04-22 23:17:46,038 INFO org.apache.juli.logging.DirectJDKLog [http-nio-auto-1-exec-1] Initializing Spring FrameworkServlet 'dispatcherServlet'
2019-04-22 23:17:46,039 INFO org.springframework.web.servlet.FrameworkServlet [http-nio-auto-1-exec-1] FrameworkServlet 'dispatcherServlet': initialization started
2019-04-22 23:17:46,044 INFO org.springframework.web.servlet.FrameworkServlet [http-nio-auto-1-exec-1] FrameworkServlet 'dispatcherServlet': initialization completed in 5 ms
2019-04-22 23:17:46,250 INFO org.springframework.context.support.AbstractApplicationContext [Thread-7] Closing org.springframework.web.context.support.GenericWebApplicationContext@bbe22c2: startup date [Mon Apr 22 23:17:36 KST 2019]; root of context hierarchy
2019-04-22 23:17:46,250 INFO org.springframework.context.support.AbstractApplicationContext [Thread-12] Closing org.springframework.boot.web.servlet.context.AnnotationConfigServletWebServerApplicationContext@46771db1: startup date [Mon Apr 22 23:17:44 KST 2019]; root of context hierarchy
2019-04-22 23:17:46,256 INFO org.springframework.jmx.export.MBeanExporter [Thread-7] Unregistering JMX-exposed beans on shutdown
2019-04-22 23:20:47,928 INFO org.springframework.boot.StartupInfoLogger [Test worker] Starting SampleWebUiApplicationTests on YIM-LAPTOP with PID 18556 (started by gtrus in C:\Users\gtrus\git\kakaopay\spring-boot-sample-web-ui)
2019-04-22 23:20:47,931 INFO org.springframework.boot.SpringApplication [Test worker] The following profiles are active: test
2019-04-22 23:20:47,950 INFO org.springframework.context.support.AbstractApplicationContext [Test worker] Refreshing org.springframework.boot.web.servlet.context.AnnotationConfigServletWebServerApplicationContext@136c1d67: startup date [Mon Apr 22 23:20:47 KST 2019]; root of context hierarchy
2019-04-22 23:20:49,255 INFO org.springframework.boot.web.embedded.tomcat.TomcatWebServer [Test worker] Tomcat initialized with port(s): 0 (http)
2019-04-22 23:20:49,292 INFO org.apache.juli.logging.DirectJDKLog [Test worker] Initializing ProtocolHandler ["http-nio-auto-1"]
2019-04-22 23:20:49,337 INFO org.apache.juli.logging.DirectJDKLog [Test worker] Starting service [Tomcat]
2019-04-22 23:20:49,338 INFO org.apache.juli.logging.DirectJDKLog [Test worker] Starting Servlet Engine: Apache Tomcat/8.5.31
2019-04-22 23:20:49,368 INFO org.apache.juli.logging.DirectJDKLog [localhost-startStop-1] The APR based Apache Tomcat Native library which allows optimal performance in production environments was not found on the java.library.path: [C:\Program Files\Java\jdk1.8.0_211\bin;C:\WINDOWS\Sun\Java\bin;C:\WINDOWS\system32;C:\WINDOWS;C:/Program Files/Java/jre1.8.0_211/bin/server;C:/Program Files/Java/jre1.8.0_211/bin;C:/Program Files/Java/jre1.8.0_211/lib/amd64;C:\Program Files (x86)\Razer\ChromaBroadcast\bin;C:\Program Files\Razer\ChromaBroadcast\bin;C:\Program Files (x86)\Common Files\Oracle\Java\javapath;C:\Program Files (x86)\Intel\iCLS Client\;C:\Program Files\Intel\iCLS Client\;C:\WINDOWS\system32;C:\WINDOWS;C:\WINDOWS\System32\Wbem;C:\WINDOWS\System32\WindowsPowerShell\v1.0\;C:\Program Files (x86)\Intel\Intel(R) Management Engine Components\DAL;C:\Program Files\Intel\Intel(R) Management Engine Components\DAL;C:\Program Files (x86)\Intel\Intel(R) Management Engine Components\IPT;C:\Program Files\Intel\Intel(R) Management Engine Components\IPT;C:\Program Files\Intel\WiFi\bin\;C:\Program Files\Common Files\Intel\WirelessCommon\;C:\WINDOWS\System32\OpenSSH\;C:\Program Files\Python37\;C:\Spark\spark-2.3.0-bin-hadoop2.7\bin;C:\Program Files\scala\bin;C:\zeppelin\zeppelin-0.8.0\bin;C:\Program Files\PuTTY\;C:\WINDOWS\system32\config\systemprofile\AppData\Local\Microsoft\WindowsApps;C:\gradle\bin;C:\Program Files\Git\cmd;C:\Users\gtrus\AppData\Local\Microsoft\WindowsApps;;C:\Program Files\Docker Toolbox;C:\Users\gtrus\eclipse\java-oxygen\eclipse;;.]
2019-04-22 23:20:49,683 INFO org.apache.juli.logging.DirectJDKLog [localhost-startStop-1] Initializing Spring embedded WebApplicationContext
2019-04-22 23:20:49,684 INFO org.springframework.boot.web.servlet.context.ServletWebServerApplicationContext [localhost-startStop-1] Root WebApplicationContext: initialization completed in 1734 ms
2019-04-22 23:20:50,021 INFO org.springframework.boot.web.servlet.AbstractFilterRegistrationBean [localhost-startStop-1] Mapping filter: 'characterEncodingFilter' to: [/*]
2019-04-22 23:20:50,022 INFO org.springframework.boot.web.servlet.AbstractFilterRegistrationBean [localhost-startStop-1] Mapping filter: 'hiddenHttpMethodFilter' to: [/*]
2019-04-22 23:20:50,022 INFO org.springframework.boot.web.servlet.AbstractFilterRegistrationBean [localhost-startStop-1] Mapping filter: 'httpPutFormContentFilter' to: [/*]
2019-04-22 23:20:50,023 INFO org.springframework.boot.web.servlet.AbstractFilterRegistrationBean [localhost-startStop-1] Mapping filter: 'requestContextFilter' to: [/*]
2019-04-22 23:20:50,024 INFO org.springframework.boot.web.servlet.AbstractFilterRegistrationBean [localhost-startStop-1] Mapping filter: 'springSecurityFilterChain' to: [/*]
2019-04-22 23:20:50,025 INFO org.springframework.boot.web.servlet.AbstractFilterRegistrationBean [localhost-startStop-1] Mapping filter: 'httpTraceFilter' to: [/*]
2019-04-22 23:20:50,026 INFO org.springframework.boot.web.servlet.AbstractFilterRegistrationBean [localhost-startStop-1] Mapping filter: 'webMvcMetricsFilter' to: [/*]
2019-04-22 23:20:50,026 INFO org.springframework.boot.web.servlet.ServletRegistrationBean [localhost-startStop-1] Servlet dispatcherServlet mapped to [/]
2019-04-22 23:20:50,152 INFO org.springframework.web.servlet.handler.AbstractUrlHandlerMapping [Test worker] Mapped URL path [/**/favicon.ico] onto handler of type [class org.springframework.web.servlet.resource.ResourceHttpRequestHandler]
2019-04-22 23:20:50,230 INFO org.springframework.web.servlet.mvc.method.annotation.RequestMappingHandlerAdapter [Test worker] Looking for @ControllerAdvice: org.springframework.boot.web.servlet.context.AnnotationConfigServletWebServerApplicationContext@136c1d67: startup date [Mon Apr 22 23:20:47 KST 2019]; root of context hierarchy
2019-04-22 23:20:50,246 INFO org.springframework.web.servlet.handler.AbstractHandlerMethodMapping$MappingRegistry [Test worker] Mapped "{[/delete/{id}],methods=[GET]}" onto public org.springframework.web.servlet.ModelAndView sample.web.ui.mvc.MessageController.delete(java.lang.Long)
2019-04-22 23:20:50,247 INFO org.springframework.web.servlet.handler.AbstractHandlerMethodMapping$MappingRegistry [Test worker] Mapped "{[/],methods=[POST]}" onto public org.springframework.web.servlet.ModelAndView sample.web.ui.mvc.MessageController.create(sample.web.ui.Message,org.springframework.validation.BindingResult,org.springframework.web.servlet.mvc.support.RedirectAttributes)
2019-04-22 23:20:50,248 INFO org.springframework.web.servlet.handler.AbstractHandlerMethodMapping$MappingRegistry [Test worker] Mapped "{[/],methods=[GET]}" onto public org.springframework.web.servlet.ModelAndView sample.web.ui.mvc.MessageController.list()
2019-04-22 23:20:50,249 INFO org.springframework.web.servlet.handler.AbstractHandlerMethodMapping$MappingRegistry [Test worker] Mapped "{[/modify/{id}],methods=[GET]}" onto public org.springframework.web.servlet.ModelAndView sample.web.ui.mvc.MessageController.modifyForm(sample.web.ui.Message)
2019-04-22 23:20:50,250 INFO org.springframework.web.servlet.handler.AbstractHandlerMethodMapping$MappingRegistry [Test worker] Mapped "{[/foo]}" onto public java.lang.String sample.web.ui.mvc.MessageController.foo()
2019-04-22 23:20:50,251 INFO org.springframework.web.servlet.handler.AbstractHandlerMethodMapping$MappingRegistry [Test worker] Mapped "{[/],methods=[GET],params=[form]}" onto public java.lang.String sample.web.ui.mvc.MessageController.createForm(sample.web.ui.Message)
2019-04-22 23:20:50,251 INFO org.springframework.web.servlet.handler.AbstractHandlerMethodMapping$MappingRegistry [Test worker] Mapped "{[/{id}],methods=[GET]}" onto public org.springframework.web.servlet.ModelAndView sample.web.ui.mvc.MessageController.view(sample.web.ui.Message)
2019-04-22 23:20:50,252 INFO org.springframework.web.servlet.handler.AbstractHandlerMethodMapping$MappingRegistry [Test worker] Mapped "{[/monitor/],methods=[GET]}" onto public java.lang.String sample.web.ui.mvc.MonitorController.home(java.util.Map<java.lang.String, java.lang.Object>)
2019-04-22 23:20:50,255 INFO org.springframework.web.servlet.handler.AbstractHandlerMethodMapping$MappingRegistry [Test worker] Mapped "{[/error]}" onto public org.springframework.http.ResponseEntity<java.util.Map<java.lang.String, java.lang.Object>> org.springframework.boot.autoconfigure.web.servlet.error.BasicErrorController.error(javax.servlet.http.HttpServletRequest)
2019-04-22 23:20:50,256 INFO org.springframework.web.servlet.handler.AbstractHandlerMethodMapping$MappingRegistry [Test worker] Mapped "{[/error],produces=[text/html]}" onto public org.springframework.web.servlet.ModelAndView org.springframework.boot.autoconfigure.web.servlet.error.BasicErrorController.errorHtml(javax.servlet.http.HttpServletRequest,javax.servlet.http.HttpServletResponse)
2019-04-22 23:20:50,270 INFO org.springframework.web.servlet.handler.AbstractUrlHandlerMapping [Test worker] Mapped URL path [/webjars/**] onto handler of type [class org.springframework.web.servlet.resource.ResourceHttpRequestHandler]
2019-04-22 23:20:50,271 INFO org.springframework.web.servlet.handler.AbstractUrlHandlerMapping [Test worker] Mapped URL path [/**] onto handler of type [class org.springframework.web.servlet.resource.ResourceHttpRequestHandler]
2019-04-22 23:20:50,479 INFO org.springframework.security.web.DefaultSecurityFilterChain [Test worker] Creating filter chain: org.springframework.security.web.util.matcher.AnyRequestMatcher@1, [org.springframework.security.web.context.request.async.WebAsyncManagerIntegrationFilter@454eb96f, org.springframework.security.web.context.SecurityContextPersistenceFilter@4b6b3f1e, org.springframework.security.web.header.HeaderWriterFilter@70e7d6b6, org.springframework.security.web.csrf.CsrfFilter@740659cf, org.springframework.security.web.authentication.logout.LogoutFilter@16377aba, org.springframework.security.web.authentication.UsernamePasswordAuthenticationFilter@5629c993, org.springframework.security.web.authentication.ui.DefaultLoginPageGeneratingFilter@4b636fd, org.springframework.security.web.authentication.www.BasicAuthenticationFilter@35de54be, org.springframework.security.web.savedrequest.RequestCacheAwareFilter@69567395, org.springframework.security.web.servletapi.SecurityContextHolderAwareRequestFilter@274a4a6f, org.springframework.security.web.authentication.AnonymousAuthenticationFilter@620a7882, org.springframework.security.web.session.SessionManagementFilter@d65c75c, org.springframework.security.web.access.ExceptionTranslationFilter@77cababc, org.springframework.security.web.access.intercept.FilterSecurityInterceptor@21b0ca7e]
2019-04-22 23:20:50,487 INFO org.springframework.boot.actuate.endpoint.web.EndpointLinksResolver [Test worker] Exposing 2 endpoint(s) beneath base path '/monitor'
2019-04-22 23:20:50,490 INFO org.springframework.web.servlet.handler.AbstractHandlerMethodMapping$MappingRegistry [Test worker] Mapped "{[/monitor/healthcheck],methods=[GET],produces=[application/vnd.spring-boot.actuator.v2+json || application/json]}" onto public java.lang.Object org.springframework.boot.actuate.endpoint.web.servlet.AbstractWebMvcEndpointHandlerMapping$OperationHandler.handle(javax.servlet.http.HttpServletRequest,java.util.Map<java.lang.String, java.lang.String>)
2019-04-22 23:20:50,491 INFO org.springframework.web.servlet.handler.AbstractHandlerMethodMapping$MappingRegistry [Test worker] Mapped "{[/monitor/metrics],methods=[GET],produces=[application/vnd.spring-boot.actuator.v2+json || application/json]}" onto public java.lang.Object org.springframework.boot.actuate.endpoint.web.servlet.AbstractWebMvcEndpointHandlerMapping$OperationHandler.handle(javax.servlet.http.HttpServletRequest,java.util.Map<java.lang.String, java.lang.String>)
2019-04-22 23:20:50,492 INFO org.springframework.web.servlet.handler.AbstractHandlerMethodMapping$MappingRegistry [Test worker] Mapped "{[/monitor/metrics/{requiredMetricName}],methods=[GET],produces=[application/vnd.spring-boot.actuator.v2+json || application/json]}" onto public java.lang.Object org.springframework.boot.actuate.endpoint.web.servlet.AbstractWebMvcEndpointHandlerMapping$OperationHandler.handle(javax.servlet.http.HttpServletRequest,java.util.Map<java.lang.String, java.lang.String>)
2019-04-22 23:20:50,492 INFO org.springframework.web.servlet.handler.AbstractHandlerMethodMapping$MappingRegistry [Test worker] Mapped "{[/monitor],methods=[GET],produces=[application/vnd.spring-boot.actuator.v2+json || application/json]}" onto protected java.util.Map<java.lang.String, java.util.Map<java.lang.String, org.springframework.boot.actuate.endpoint.web.Link>> org.springframework.boot.actuate.endpoint.web.servlet.WebMvcEndpointHandlerMapping.links(javax.servlet.http.HttpServletRequest,javax.servlet.http.HttpServletResponse)
2019-04-22 23:20:50,608 INFO org.apache.juli.logging.DirectJDKLog [Test worker] Starting ProtocolHandler ["http-nio-auto-1"]
2019-04-22 23:20:50,611 INFO org.apache.juli.logging.DirectJDKLog [Test worker] Using a shared selector for servlet write/read
2019-04-22 23:20:50,649 INFO org.springframework.boot.web.embedded.tomcat.TomcatWebServer [Test worker] Tomcat started on port(s): 58993 (http) with context path ''
2019-04-22 23:20:50,653 INFO org.springframework.boot.StartupInfoLogger [Test worker] Started SampleWebUiApplicationTests in 3.196 seconds (JVM running for 12.761)
2019-04-22 23:20:50,818 INFO org.apache.juli.logging.DirectJDKLog [http-nio-auto-1-exec-1] Initializing Spring FrameworkServlet 'dispatcherServlet'
2019-04-22 23:20:50,818 INFO org.springframework.web.servlet.FrameworkServlet [http-nio-auto-1-exec-1] FrameworkServlet 'dispatcherServlet': initialization started
2019-04-22 23:20:50,823 INFO org.springframework.web.servlet.FrameworkServlet [http-nio-auto-1-exec-1] FrameworkServlet 'dispatcherServlet': initialization completed in 4 ms
2019-04-22 23:20:51,051 INFO org.springframework.context.support.AbstractApplicationContext [Thread-7] Closing org.springframework.web.context.support.GenericWebApplicationContext@bbe22c2: startup date [Mon Apr 22 23:20:39 KST 2019]; root of context hierarchy
2019-04-22 23:20:51,051 INFO org.springframework.context.support.AbstractApplicationContext [Thread-12] Closing org.springframework.boot.web.servlet.context.AnnotationConfigServletWebServerApplicationContext@136c1d67: startup date [Mon Apr 22 23:20:47 KST 2019]; root of context hierarchy
2019-04-22 23:20:51,057 INFO org.springframework.jmx.export.MBeanExporter [Thread-7] Unregistering JMX-exposed beans on shutdown
2019-04-22 23:37:28,351 INFO org.springframework.boot.StartupInfoLogger [Test worker] Starting SampleWebUiApplicationTests on YIM-LAPTOP with PID 1248 (started by gtrus in C:\Users\gtrus\git\kakaopay\spring-boot-sample-web-ui)
2019-04-22 23:37:28,354 INFO org.springframework.boot.SpringApplication [Test worker] The following profiles are active: test
2019-04-22 23:37:28,373 INFO org.springframework.context.support.AbstractApplicationContext [Test worker] Refreshing org.springframework.boot.web.servlet.context.AnnotationConfigServletWebServerApplicationContext@2963d3a6: startup date [Mon Apr 22 23:37:28 KST 2019]; root of context hierarchy
2019-04-22 23:37:29,113 INFO org.springframework.boot.web.embedded.tomcat.TomcatWebServer [Test worker] Tomcat initialized with port(s): 0 (http)
2019-04-22 23:37:29,157 INFO org.apache.juli.logging.DirectJDKLog [Test worker] Initializing ProtocolHandler ["http-nio-auto-1"]
2019-04-22 23:37:29,198 INFO org.apache.juli.logging.DirectJDKLog [Test worker] Starting service [Tomcat]
2019-04-22 23:37:29,199 INFO org.apache.juli.logging.DirectJDKLog [Test worker] Starting Servlet Engine: Apache Tomcat/8.5.31
2019-04-22 23:37:29,222 INFO org.apache.juli.logging.DirectJDKLog [localhost-startStop-1] The APR based Apache Tomcat Native library which allows optimal performance in production environments was not found on the java.library.path: [C:\Program Files\Java\jdk1.8.0_211\bin;C:\WINDOWS\Sun\Java\bin;C:\WINDOWS\system32;C:\WINDOWS;C:/Program Files/Java/jre1.8.0_211/bin/server;C:/Program Files/Java/jre1.8.0_211/bin;C:/Program Files/Java/jre1.8.0_211/lib/amd64;C:\Program Files (x86)\Razer\ChromaBroadcast\bin;C:\Program Files\Razer\ChromaBroadcast\bin;C:\Program Files (x86)\Common Files\Oracle\Java\javapath;C:\Program Files (x86)\Intel\iCLS Client\;C:\Program Files\Intel\iCLS Client\;C:\WINDOWS\system32;C:\WINDOWS;C:\WINDOWS\System32\Wbem;C:\WINDOWS\System32\WindowsPowerShell\v1.0\;C:\Program Files (x86)\Intel\Intel(R) Management Engine Components\DAL;C:\Program Files\Intel\Intel(R) Management Engine Components\DAL;C:\Program Files (x86)\Intel\Intel(R) Management Engine Components\IPT;C:\Program Files\Intel\Intel(R) Management Engine Components\IPT;C:\Program Files\Intel\WiFi\bin\;C:\Program Files\Common Files\Intel\WirelessCommon\;C:\WINDOWS\System32\OpenSSH\;C:\Program Files\Python37\;C:\Spark\spark-2.3.0-bin-hadoop2.7\bin;C:\Program Files\scala\bin;C:\zeppelin\zeppelin-0.8.0\bin;C:\Program Files\PuTTY\;C:\WINDOWS\system32\config\systemprofile\AppData\Local\Microsoft\WindowsApps;C:\gradle\bin;C:\Program Files\Git\cmd;C:\Users\gtrus\AppData\Local\Microsoft\WindowsApps;;C:\Program Files\Docker Toolbox;C:\Users\gtrus\eclipse\java-oxygen\eclipse;;.]
2019-04-22 23:37:29,464 INFO org.apache.juli.logging.DirectJDKLog [localhost-startStop-1] Initializing Spring embedded WebApplicationContext
2019-04-22 23:37:29,465 INFO org.springframework.boot.web.servlet.context.ServletWebServerApplicationContext [localhost-startStop-1] Root WebApplicationContext: initialization completed in 1092 ms
2019-04-22 23:37:29,655 INFO org.springframework.boot.web.servlet.AbstractFilterRegistrationBean [localhost-startStop-1] Mapping filter: 'characterEncodingFilter' to: [/*]
2019-04-22 23:37:29,656 INFO org.springframework.boot.web.servlet.AbstractFilterRegistrationBean [localhost-startStop-1] Mapping filter: 'hiddenHttpMethodFilter' to: [/*]
2019-04-22 23:37:29,657 INFO org.springframework.boot.web.servlet.AbstractFilterRegistrationBean [localhost-startStop-1] Mapping filter: 'httpPutFormContentFilter' to: [/*]
2019-04-22 23:37:29,657 INFO org.springframework.boot.web.servlet.AbstractFilterRegistrationBean [localhost-startStop-1] Mapping filter: 'requestContextFilter' to: [/*]
2019-04-22 23:37:29,658 INFO org.springframework.boot.web.servlet.AbstractFilterRegistrationBean [localhost-startStop-1] Mapping filter: 'springSecurityFilterChain' to: [/*]
2019-04-22 23:37:29,659 INFO org.springframework.boot.web.servlet.AbstractFilterRegistrationBean [localhost-startStop-1] Mapping filter: 'httpTraceFilter' to: [/*]
2019-04-22 23:37:29,660 INFO org.springframework.boot.web.servlet.AbstractFilterRegistrationBean [localhost-startStop-1] Mapping filter: 'webMvcMetricsFilter' to: [/*]
2019-04-22 23:37:29,660 INFO org.springframework.boot.web.servlet.ServletRegistrationBean [localhost-startStop-1] Servlet dispatcherServlet mapped to [/]
2019-04-22 23:37:29,746 INFO org.springframework.web.servlet.handler.AbstractUrlHandlerMapping [Test worker] Mapped URL path [/**/favicon.ico] onto handler of type [class org.springframework.web.servlet.resource.ResourceHttpRequestHandler]
2019-04-22 23:37:29,815 INFO org.springframework.web.servlet.mvc.method.annotation.RequestMappingHandlerAdapter [Test worker] Looking for @ControllerAdvice: org.springframework.boot.web.servlet.context.AnnotationConfigServletWebServerApplicationContext@2963d3a6: startup date [Mon Apr 22 23:37:28 KST 2019]; root of context hierarchy
2019-04-22 23:37:29,824 INFO org.springframework.web.servlet.handler.AbstractHandlerMethodMapping$MappingRegistry [Test worker] Mapped "{[/delete/{id}],methods=[GET]}" onto public org.springframework.web.servlet.ModelAndView sample.web.ui.mvc.MessageController.delete(java.lang.Long)
2019-04-22 23:37:29,825 INFO org.springframework.web.servlet.handler.AbstractHandlerMethodMapping$MappingRegistry [Test worker] Mapped "{[/],methods=[POST]}" onto public org.springframework.web.servlet.ModelAndView sample.web.ui.mvc.MessageController.create(sample.web.ui.Message,org.springframework.validation.BindingResult,org.springframework.web.servlet.mvc.support.RedirectAttributes)
2019-04-22 23:37:29,825 INFO org.springframework.web.servlet.handler.AbstractHandlerMethodMapping$MappingRegistry [Test worker] Mapped "{[/],methods=[GET]}" onto public org.springframework.web.servlet.ModelAndView sample.web.ui.mvc.MessageController.list()
2019-04-22 23:37:29,826 INFO org.springframework.web.servlet.handler.AbstractHandlerMethodMapping$MappingRegistry [Test worker] Mapped "{[/{id}],methods=[GET]}" onto public org.springframework.web.servlet.ModelAndView sample.web.ui.mvc.MessageController.view(sample.web.ui.Message)
2019-04-22 23:37:29,827 INFO org.springframework.web.servlet.handler.AbstractHandlerMethodMapping$MappingRegistry [Test worker] Mapped "{[/],methods=[GET],params=[form]}" onto public java.lang.String sample.web.ui.mvc.MessageController.createForm(sample.web.ui.Message)
2019-04-22 23:37:29,827 INFO org.springframework.web.servlet.handler.AbstractHandlerMethodMapping$MappingRegistry [Test worker] Mapped "{[/foo]}" onto public java.lang.String sample.web.ui.mvc.MessageController.foo()
2019-04-22 23:37:29,828 INFO org.springframework.web.servlet.handler.AbstractHandlerMethodMapping$MappingRegistry [Test worker] Mapped "{[/modify/{id}],methods=[GET]}" onto public org.springframework.web.servlet.ModelAndView sample.web.ui.mvc.MessageController.modifyForm(sample.web.ui.Message)
2019-04-22 23:37:29,828 INFO org.springframework.web.servlet.handler.AbstractHandlerMethodMapping$MappingRegistry [Test worker] Mapped "{[/monitor/],methods=[GET]}" onto public java.lang.String sample.web.ui.mvc.MonitorController.home(java.util.Map<java.lang.String, java.lang.Object>)
2019-04-22 23:37:29,830 INFO org.springframework.web.servlet.handler.AbstractHandlerMethodMapping$MappingRegistry [Test worker] Mapped "{[/error]}" onto public org.springframework.http.ResponseEntity<java.util.Map<java.lang.String, java.lang.Object>> org.springframework.boot.autoconfigure.web.servlet.error.BasicErrorController.error(javax.servlet.http.HttpServletRequest)
2019-04-22 23:37:29,831 INFO org.springframework.web.servlet.handler.AbstractHandlerMethodMapping$MappingRegistry [Test worker] Mapped "{[/error],produces=[text/html]}" onto public org.springframework.web.servlet.ModelAndView org.springframework.boot.autoconfigure.web.servlet.error.BasicErrorController.errorHtml(javax.servlet.http.HttpServletRequest,javax.servlet.http.HttpServletResponse)
2019-04-22 23:37:29,843 INFO org.springframework.web.servlet.handler.AbstractUrlHandlerMapping [Test worker] Mapped URL path [/webjars/**] onto handler of type [class org.springframework.web.servlet.resource.ResourceHttpRequestHandler]
2019-04-22 23:37:29,843 INFO org.springframework.web.servlet.handler.AbstractUrlHandlerMapping [Test worker] Mapped URL path [/**] onto handler of type [class org.springframework.web.servlet.resource.ResourceHttpRequestHandler]
2019-04-22 23:37:29,987 INFO org.springframework.security.web.DefaultSecurityFilterChain [Test worker] Creating filter chain: org.springframework.security.web.util.matcher.AnyRequestMatcher@1, [org.springframework.security.web.context.request.async.WebAsyncManagerIntegrationFilter@4b636fd, org.springframework.security.web.context.SecurityContextPersistenceFilter@6256af81, org.springframework.security.web.header.HeaderWriterFilter@27664829, org.springframework.security.web.csrf.CsrfFilter@32658f37, org.springframework.security.web.authentication.logout.LogoutFilter@740659cf, org.springframework.security.web.authentication.UsernamePasswordAuthenticationFilter@69567395, org.springframework.security.web.authentication.ui.DefaultLoginPageGeneratingFilter@23fbd096, org.springframework.security.web.authentication.www.BasicAuthenticationFilter@274a4a6f, org.springframework.security.web.savedrequest.RequestCacheAwareFilter@6e9dba41, org.springframework.security.web.servletapi.SecurityContextHolderAwareRequestFilter@7baf90bb, org.springframework.security.web.authentication.AnonymousAuthenticationFilter@16377aba, org.springframework.security.web.session.SessionManagementFilter@7cd49b1b, org.springframework.security.web.access.ExceptionTranslationFilter@27357e54, org.springframework.security.web.access.intercept.FilterSecurityInterceptor@4b6b3f1e]
2019-04-22 23:37:29,994 INFO org.springframework.boot.actuate.endpoint.web.EndpointLinksResolver [Test worker] Exposing 2 endpoint(s) beneath base path '/monitor'
2019-04-22 23:37:29,997 INFO org.springframework.web.servlet.handler.AbstractHandlerMethodMapping$MappingRegistry [Test worker] Mapped "{[/monitor/healthcheck],methods=[GET],produces=[application/vnd.spring-boot.actuator.v2+json || application/json]}" onto public java.lang.Object org.springframework.boot.actuate.endpoint.web.servlet.AbstractWebMvcEndpointHandlerMapping$OperationHandler.handle(javax.servlet.http.HttpServletRequest,java.util.Map<java.lang.String, java.lang.String>)
2019-04-22 23:37:29,998 INFO org.springframework.web.servlet.handler.AbstractHandlerMethodMapping$MappingRegistry [Test worker] Mapped "{[/monitor/metrics],methods=[GET],produces=[application/vnd.spring-boot.actuator.v2+json || application/json]}" onto public java.lang.Object org.springframework.boot.actuate.endpoint.web.servlet.AbstractWebMvcEndpointHandlerMapping$OperationHandler.handle(javax.servlet.http.HttpServletRequest,java.util.Map<java.lang.String, java.lang.String>)
2019-04-22 23:37:29,998 INFO org.springframework.web.servlet.handler.AbstractHandlerMethodMapping$MappingRegistry [Test worker] Mapped "{[/monitor/metrics/{requiredMetricName}],methods=[GET],produces=[application/vnd.spring-boot.actuator.v2+json || application/json]}" onto public java.lang.Object org.springframework.boot.actuate.endpoint.web.servlet.AbstractWebMvcEndpointHandlerMapping$OperationHandler.handle(javax.servlet.http.HttpServletRequest,java.util.Map<java.lang.String, java.lang.String>)
2019-04-22 23:37:29,999 INFO org.springframework.web.servlet.handler.AbstractHandlerMethodMapping$MappingRegistry [Test worker] Mapped "{[/monitor],methods=[GET],produces=[application/vnd.spring-boot.actuator.v2+json || application/json]}" onto protected java.util.Map<java.lang.String, java.util.Map<java.lang.String, org.springframework.boot.actuate.endpoint.web.Link>> org.springframework.boot.actuate.endpoint.web.servlet.WebMvcEndpointHandlerMapping.links(javax.servlet.http.HttpServletRequest,javax.servlet.http.HttpServletResponse)
2019-04-22 23:37:30,071 INFO org.apache.juli.logging.DirectJDKLog [Test worker] Starting ProtocolHandler ["http-nio-auto-1"]
2019-04-22 23:37:30,073 INFO org.apache.juli.logging.DirectJDKLog [Test worker] Using a shared selector for servlet write/read
2019-04-22 23:37:30,098 INFO org.springframework.boot.web.embedded.tomcat.TomcatWebServer [Test worker] Tomcat started on port(s): 59174 (http) with context path ''
2019-04-22 23:37:30,101 INFO org.springframework.boot.StartupInfoLogger [Test worker] Started SampleWebUiApplicationTests in 2.183 seconds (JVM running for 11.596)
2019-04-22 23:37:30,239 INFO org.apache.juli.logging.DirectJDKLog [http-nio-auto-1-exec-1] Initializing Spring FrameworkServlet 'dispatcherServlet'
2019-04-22 23:37:30,239 INFO org.springframework.web.servlet.FrameworkServlet [http-nio-auto-1-exec-1] FrameworkServlet 'dispatcherServlet': initialization started
2019-04-22 23:37:30,244 INFO org.springframework.web.servlet.FrameworkServlet [http-nio-auto-1-exec-1] FrameworkServlet 'dispatcherServlet': initialization completed in 4 ms
2019-04-22 23:37:30,476 INFO org.springframework.context.support.AbstractApplicationContext [Thread-12] Closing org.springframework.boot.web.servlet.context.AnnotationConfigServletWebServerApplicationContext@2963d3a6: startup date [Mon Apr 22 23:37:28 KST 2019]; root of context hierarchy
2019-04-22 23:37:30,476 INFO org.springframework.context.support.AbstractApplicationContext [Thread-7] Closing org.springframework.web.context.support.GenericWebApplicationContext@bbe22c2: startup date [Mon Apr 22 23:37:20 KST 2019]; root of context hierarchy
2019-04-22 23:37:30,483 INFO org.springframework.jmx.export.MBeanExporter [Thread-7] Unregistering JMX-exposed beans on shutdown
